<?xml version="1.0" encoding="UTF-8"?>
<!-- Generated by org.testng.reporters.JUnitReportReporter -->
<testsuite skipped="0" hostname="LAPTOP-0EC05GSJ" name="com.qmetry.qaf.automation.step.client.Scenario" tests="1" failures="0" timestamp="2021-03-20T07:34:21 IST" time="15.081" errors="0">
  <testcase name="scenario" time="15.081" classname="com.qmetry.qaf.automation.step.client.Scenario"/>
  <system-out/>
</testsuite> <!-- com.qmetry.qaf.automation.step.client.Scenario -->
