<?xml version="1.0" encoding="UTF-8"?>
<!-- Generated by org.testng.reporters.JUnitReportReporter -->
<testsuite skipped="0" hostname="LAPTOP-0EC05GSJ" name="qaf.example.pages.SampleTest" tests="1" failures="0" timestamp="2021-03-18T18:53:52 IST" time="0.009" errors="0">
  <testcase name="testGoogleSearch" time="0.009" classname="qaf.example.pages.SampleTest"/>
  <system-out/>
</testsuite> <!-- qaf.example.pages.SampleTest -->
